B r u c e   S a y s   H i !  	 2 0 1 9 
 Code: 66 	 	 Type: Upper Case 	 	 ASCII char =B 
 Code: 114 	 	 Type: Lower Case 	 	 ASCII char =r 
 Code: 117 	 	 Type: Lower Case 	 	 ASCII char =u 
 Code: 99 	 	 Type: Lower Case 	 	 ASCII char =c 
 Code: 101 	 	 Type: Lower Case 	 	 ASCII char =e 
 Code: 32 	 	 Type: space 	 	 	 ASCII char =  
 Code: 83 	 	 Type: Upper Case 	 	 ASCII char =S 
 Code: 97 	 	 Type: Lower Case 	 	 ASCII char =a 
 Code: 121 	 	 Type: Lower Case 	 	 ASCII char =y 
 Code: 115 	 	 Type: Lower Case 	 	 ASCII char =s 
 Code: 32 	 	 Type: space 	 	 	 ASCII char =  
 Code: 72 	 	 Type: Upper Case 	 	 ASCII char =H 
 Code: 105 	 	 Type: Lower Case 	 	 ASCII char =i 
 Code: 33 	 	 Type: special char 	 	 ASCII char =! 
 Code: 7 	 	 Type: space 	 	 	 ASCII char = 
 Code: 9 	 	 Type: space 	 	 	 ASCII char =	 
 Code: 50 	 	 Type: digit 	 	 	 ASCII char =2 
 Code: 48 	 	 Type: digit 	 	 	 ASCII char =0 
 Code: 49 	 	 Type: digit 	 	 	 ASCII char =1 
 Code: 57 	 	 Type: digit 	 	 	 ASCII char =9  
